<?xml version="1.0" encoding="UTF-8"?>
<!-- Generated by org.testng.reporters.JUnitXMLReporter -->
<testsuite hostname="NX00314" name="Test" tests="7" failures="0" timestamp="28 Feb 2020 06:22:36 GMT" time="26.108" errors="0">
  <testcase name="LoginTest" time="4.352" classname="Tests.TestClass"/>
  <testcase name="ProfileTest" time="1.94" classname="Tests.TestClass"/>
  <testcase name="AddSkill" time="3.707" classname="Tests.TestClass"/>
  <testcase name="RemoveSkill" time="1.024" classname="Tests.TestClass"/>
  <testcase name="EventTest" time="5.72" classname="Tests.TestClass"/>
  <testcase name="ReportTest" time="2.34" classname="Tests.TestClass"/>
  <testcase name="Logout" time="0.596" classname="Tests.TestClass"/>
</testsuite> <!-- Test -->
