<?xml version="1.0" encoding="UTF-8"?>
<!-- Generated by org.testng.reporters.JUnitXMLReporter -->
<testsuite hostname="NX00314" name="Test" tests="7" failures="0" timestamp="5 Feb 2020 10:59:43 GMT" time="23.798" errors="0">
  <testcase name="LoginTest" time="3.923" classname="Tests.TestClass"/>
  <testcase name="ProfileTest" time="1.796" classname="Tests.TestClass"/>
  <testcase name="AddSkill" time="3.145" classname="Tests.TestClass"/>
  <testcase name="RemoveSkill" time="0.927" classname="Tests.TestClass"/>
  <testcase name="EventTest" time="4.908" classname="Tests.TestClass"/>
  <testcase name="ReportTest" time="2.285" classname="Tests.TestClass"/>
  <testcase name="Logout" time="0.559" classname="Tests.TestClass"/>
</testsuite> <!-- Test -->
