<?xml version="1.0" encoding="UTF-8"?>
<testng-results skipped="0" failed="0" total="7" passed="7">
  <reporter-output>
  </reporter-output>
  <suite name="Suite" duration-ms="26108" started-at="2020-02-28T06:22:10Z" finished-at="2020-02-28T06:22:36Z">
    <groups>
    </groups>
    <test name="Test" duration-ms="26108" started-at="2020-02-28T06:22:10Z" finished-at="2020-02-28T06:22:36Z">
      <class name="Tests.TestClass">
        <test-method status="PASS" signature="Browser()[pri:0, instance:Tests.TestClass@5c7fa833]" name="Browser" is-config="true" duration-ms="6153" started-at="2020-02-28T11:22:10Z" finished-at="2020-02-28T11:22:16Z">
          <reporter-output>
          </reporter-output>
        </test-method> <!-- Browser -->
        <test-method status="PASS" signature="LoginTest(java.lang.String, java.lang.String)[pri:0, instance:Tests.TestClass@5c7fa833]" name="LoginTest" duration-ms="4352" started-at="2020-02-28T11:22:16Z" finished-at="2020-02-28T11:22:20Z">
          <params>
            <param index="0">
              <value>
                <![CDATA[tayyab.mahmood@nxb.com.pk]]>
              </value>
            </param>
            <param index="1">
              <value>
                <![CDATA[T@yy@b123]]>
              </value>
            </param>
          </params>
          <reporter-output>
          </reporter-output>
        </test-method> <!-- LoginTest -->
        <test-method status="PASS" signature="ProfileTest()[pri:0, instance:Tests.TestClass@5c7fa833]" name="ProfileTest" duration-ms="1940" started-at="2020-02-28T11:22:20Z" finished-at="2020-02-28T11:22:22Z">
          <reporter-output>
          </reporter-output>
        </test-method> <!-- ProfileTest -->
        <test-method status="PASS" signature="AddSkill(java.lang.String)[pri:0, instance:Tests.TestClass@5c7fa833]" name="AddSkill" duration-ms="3707" started-at="2020-02-28T11:22:22Z" finished-at="2020-02-28T11:22:26Z">
          <params>
            <param index="0">
              <value>
                <![CDATA[Regression]]>
              </value>
            </param>
          </params>
          <reporter-output>
          </reporter-output>
        </test-method> <!-- AddSkill -->
        <test-method status="PASS" signature="RemoveSkill()[pri:0, instance:Tests.TestClass@5c7fa833]" name="RemoveSkill" duration-ms="1024" started-at="2020-02-28T11:22:26Z" finished-at="2020-02-28T11:22:27Z">
          <reporter-output>
          </reporter-output>
        </test-method> <!-- RemoveSkill -->
        <test-method status="PASS" signature="EventTest(java.lang.String, java.lang.String)[pri:0, instance:Tests.TestClass@5c7fa833]" name="EventTest" duration-ms="5720" started-at="2020-02-28T11:22:27Z" finished-at="2020-02-28T11:22:33Z">
          <params>
            <param index="0">
              <value>
                <![CDATA[Page Object Model]]>
              </value>
            </param>
            <param index="1">
              <value>
                <![CDATA[2021-01-01]]>
              </value>
            </param>
          </params>
          <reporter-output>
          </reporter-output>
        </test-method> <!-- EventTest -->
        <test-method status="PASS" signature="ReportTest(java.lang.String, java.lang.String)[pri:0, instance:Tests.TestClass@5c7fa833]" name="ReportTest" duration-ms="2340" started-at="2020-02-28T11:22:33Z" finished-at="2020-02-28T11:22:35Z">
          <params>
            <param index="0">
              <value>
                <![CDATA[2019-12-01]]>
              </value>
            </param>
            <param index="1">
              <value>
                <![CDATA[2019-12-24]]>
              </value>
            </param>
          </params>
          <reporter-output>
          </reporter-output>
        </test-method> <!-- ReportTest -->
        <test-method status="PASS" signature="Logout()[pri:0, instance:Tests.TestClass@5c7fa833]" name="Logout" duration-ms="596" started-at="2020-02-28T11:22:35Z" finished-at="2020-02-28T11:22:36Z">
          <reporter-output>
          </reporter-output>
        </test-method> <!-- Logout -->
        <test-method status="PASS" signature="Closure()[pri:0, instance:Tests.TestClass@5c7fa833]" name="Closure" is-config="true" duration-ms="231" started-at="2020-02-28T11:22:36Z" finished-at="2020-02-28T11:22:36Z">
          <reporter-output>
          </reporter-output>
        </test-method> <!-- Closure -->
      </class> <!-- Tests.TestClass -->
    </test> <!-- Test -->
  </suite> <!-- Suite -->
</testng-results>
